# JRE version: Java(TM) SE Runtime Environment (17.0.11+7) (build 17.0.11+7-LTS-207)
# Java VM: Java HotSpot(TM) 64-Bit Server VM (17.0.11+7-LTS-207, mixed mode, sharing, tiered, compressed oops, compressed class ptrs, g1 gc, windows-amd64)
GC Precious Log:
 CPUs: 16 total, 16 available
 Memory: 15724M
 Large Page Support: Disabled
 NUMA Support: Disabled
 Compressed Oops: Enabled (32-bit)
 Heap Region Size: 1M
 Heap Min Capacity: 8M
 Heap Initial Capacity: 246M
 Heap Max Capacity: 2G
 Pre-touch: Disabled
 Parallel Workers: 13
 Concurrent Workers: 3
 Concurrent Refinement Workers: 13
 Periodic GC: Disabled
Heap:
 garbage-first heap   total 257024K, used 194881K [0x0000000080000000, 0x0000000100000000)
  region size 1024K, 4 young (4096K), 4 survivors (4096K)
 Metaspace       used 98635K, committed 99840K, reserved 557056K
  class space    used 13849K, committed 14400K, reserved 425984K
GC Heap History (20 events):
Event: 16.598 GC heap after
{Heap after GC invocations=61 (full 0):
 garbage-first heap   total 257024K, used 153910K [0x0000000080000000, 0x0000000100000000)
  region size 1024K, 10 young (10240K), 10 survivors (10240K)
 Metaspace       used 96664K, committed 97728K, reserved 557056K
  class space    used 13564K, committed 14080K, reserved 425984K
}
Event: 16.700 GC heap before
{Heap before GC invocations=61 (full 0):
 garbage-first heap   total 257024K, used 211254K [0x0000000080000000, 0x0000000100000000)
  region size 1024K, 67 young (68608K), 10 survivors (10240K)
 Metaspace       used 96664K, committed 97728K, reserved 557056K
  class space    used 13564K, committed 14080K, reserved 425984K
}
Event: 16.705 GC heap after
{Heap after GC invocations=62 (full 0):
 garbage-first heap   total 257024K, used 157767K [0x0000000080000000, 0x0000000100000000)
  region size 1024K, 4 young (4096K), 4 survivors (4096K)
 Metaspace       used 96664K, committed 97728K, reserved 557056K
  class space    used 13564K, committed 14080K, reserved 425984K
}
Event: 17.053 GC heap before
{Heap before GC invocations=62 (full 0):
 garbage-first heap   total 257024K, used 216135K [0x0000000080000000, 0x0000000100000000)
  region size 1024K, 60 young (61440K), 4 survivors (4096K)
 Metaspace       used 96940K, committed 98048K, reserved 557056K
  class space    used 13600K, committed 14080K, reserved 425984K
}
Event: 17.058 GC heap after
{Heap after GC invocations=63 (full 0):
 garbage-first heap   total 257024K, used 164653K [0x0000000080000000, 0x0000000100000000)
  region size 1024K, 8 young (8192K), 8 survivors (8192K)
 Metaspace       used 96940K, committed 98048K, reserved 557056K
  class space    used 13600K, committed 14080K, reserved 425984K
}
Event: 17.464 GC heap before
{Heap before GC invocations=63 (full 0):
 garbage-first heap   total 257024K, used 212781K [0x0000000080000000, 0x0000000100000000)
  region size 1024K, 56 young (57344K), 8 survivors (8192K)
 Metaspace       used 97893K, committed 99072K, reserved 557056K
  class space    used 13755K, committed 14272K, reserved 425984K
}
Event: 17.470 GC heap after
{Heap after GC invocations=64 (full 0):
 garbage-first heap   total 257024K, used 169973K [0x0000000080000000, 0x0000000100000000)
  region size 1024K, 7 young (7168K), 7 survivors (7168K)
 Metaspace       used 97893K, committed 99072K, reserved 557056K
  class space    used 13755K, committed 14272K, reserved 425984K
}
Event: 17.773 GC heap before
{Heap before GC invocations=64 (full 0):
 garbage-first heap   total 257024K, used 211957K [0x0000000080000000, 0x0000000100000000)
  region size 1024K, 49 young (50176K), 7 survivors (7168K)
 Metaspace       used 98085K, committed 99264K, reserved 557056K
  class space    used 13776K, committed 14336K, reserved 425984K
}
Event: 17.778 GC heap after
{Heap after GC invocations=65 (full 0):
 garbage-first heap   total 257024K, used 174609K [0x0000000080000000, 0x0000000100000000)
  region size 1024K, 7 young (7168K), 7 survivors (7168K)
 Metaspace       used 98085K, committed 99264K, reserved 557056K
  class space    used 13776K, committed 14336K, reserved 425984K
}
Event: 17.845 GC heap before
{Heap before GC invocations=65 (full 0):
 garbage-first heap   total 257024K, used 212497K [0x0000000080000000, 0x0000000100000000)
  region size 1024K, 45 young (46080K), 7 survivors (7168K)
 Metaspace       used 98085K, committed 99264K, reserved 557056K
  class space    used 13776K, committed 14336K, reserved 425984K
}
Event: 17.849 GC heap after
{Heap after GC invocations=66 (full 0):
 garbage-first heap   total 257024K, used 175684K [0x0000000080000000, 0x0000000100000000)
  region size 1024K, 4 young (4096K), 4 survivors (4096K)
 Metaspace       used 98085K, committed 99264K, reserved 557056K
  class space    used 13776K, committed 14336K, reserved 425984K
}
Event: 18.002 GC heap before
{Heap before GC invocations=66 (full 0):
 garbage-first heap   total 257024K, used 213572K [0x0000000080000000, 0x0000000100000000)
  region size 1024K, 42 young (43008K), 4 survivors (4096K)
 Metaspace       used 98160K, committed 99392K, reserved 557056K
  class space    used 13786K, committed 14336K, reserved 425984K
}
Event: 18.005 GC heap after
{Heap after GC invocations=67 (full 0):
 garbage-first heap   total 257024K, used 178068K [0x0000000080000000, 0x0000000100000000)
  region size 1024K, 6 young (6144K), 6 survivors (6144K)
 Metaspace       used 98160K, committed 99392K, reserved 557056K
  class space    used 13786K, committed 14336K, reserved 425984K
}
Event: 18.441 GC heap before
{Heap before GC invocations=67 (full 0):
 garbage-first heap   total 257024K, used 215956K [0x0000000080000000, 0x0000000100000000)
  region size 1024K, 42 young (43008K), 6 survivors (6144K)
 Metaspace       used 98551K, committed 99776K, reserved 557056K
  class space    used 13837K, committed 14400K, reserved 425984K
}
Event: 18.447 GC heap after
{Heap after GC invocations=68 (full 0):
 garbage-first heap   total 257024K, used 186820K [0x0000000080000000, 0x0000000100000000)
  region size 1024K, 6 young (6144K), 6 survivors (6144K)
 Metaspace       used 98551K, committed 99776K, reserved 557056K
  class space    used 13837K, committed 14400K, reserved 425984K
}
Event: 18.504 GC heap before
{Heap before GC invocations=68 (full 0):
 garbage-first heap   total 257024K, used 214468K [0x0000000080000000, 0x0000000100000000)
  region size 1024K, 34 young (34816K), 6 survivors (6144K)
 Metaspace       used 98551K, committed 99776K, reserved 557056K
  class space    used 13837K, committed 14400K, reserved 425984K
}
Event: 18.509 GC heap after
{Heap after GC invocations=69 (full 0):
 garbage-first heap   total 257024K, used 189774K [0x0000000080000000, 0x0000000100000000)
  region size 1024K, 4 young (4096K), 4 survivors (4096K)
 Metaspace       used 98551K, committed 99776K, reserved 557056K
  class space    used 13837K, committed 14400K, reserved 425984K
}
Event: 18.592 GC heap before
{Heap before GC invocations=69 (full 0):
 garbage-first heap   total 257024K, used 216398K [0x0000000080000000, 0x0000000100000000)
  region size 1024K, 31 young (31744K), 4 survivors (4096K)
 Metaspace       used 98551K, committed 99776K, reserved 557056K
  class space    used 13837K, committed 14400K, reserved 425984K
}
Event: 18.594 GC heap after
{Heap after GC invocations=70 (full 0):
 garbage-first heap   total 257024K, used 190560K [0x0000000080000000, 0x0000000100000000)
  region size 1024K, 3 young (3072K), 3 survivors (3072K)
 Metaspace       used 98551K, committed 99776K, reserved 557056K
  class space    used 13837K, committed 14400K, reserved 425984K
}
Event: 18.761 GC heap before
{Heap before GC invocations=70 (full 0):
 garbage-first heap   total 257024K, used 218208K [0x0000000080000000, 0x0000000100000000)
  region size 1024K, 30 young (30720K), 3 survivors (3072K)
 Metaspace       used 98635K, committed 99840K, reserved 557056K
  class space    used 13849K, committed 14400K, reserved 425984K
}

